<?xml version="1.0" encoding="UTF-8"?>
<coverage generated="1742984991">
  <project timestamp="1742984991">
    <file name="/var/www/html/src/CommonModelPicoPdoTrait.php">
      <class name="Lodur\PicoPdo\CommonModelPicoPdoTrait" namespace="global">
        <metrics complexity="37" methods="9" coveredmethods="8" conditionals="0" coveredconditionals="0" statements="75" coveredstatements="74" elements="84" coveredelements="82"/>
      </class>
      <line num="58" type="method" name="prepExec" visibility="protected" complexity="3" crap="3" count="35"/>
      <line num="60" type="stmt" count="35"/>
      <line num="61" type="stmt" count="3"/>
      <line num="64" type="stmt" count="35"/>
      <line num="66" type="stmt" count="35"/>
      <line num="67" type="stmt" count="4"/>
      <line num="70" type="stmt" count="25"/>
      <line num="96" type="method" name="exists" visibility="protected" complexity="1" crap="1" count="8"/>
      <line num="98" type="stmt" count="8"/>
      <line num="99" type="stmt" count="8"/>
      <line num="100" type="stmt" count="8"/>
      <line num="110" type="method" name="insert" visibility="protected" complexity="4" crap="4" count="15"/>
      <line num="112" type="stmt" count="15"/>
      <line num="113" type="stmt" count="15"/>
      <line num="114" type="stmt" count="15"/>
      <line num="116" type="stmt" count="15"/>
      <line num="117" type="stmt" count="15"/>
      <line num="118" type="stmt" count="14"/>
      <line num="119" type="stmt" count="14"/>
      <line num="120" type="stmt" count="14"/>
      <line num="147" type="method" name="update" visibility="protected" complexity="2" crap="2" count="4"/>
      <line num="149" type="stmt" count="4"/>
      <line num="150" type="stmt" count="4"/>
      <line num="152" type="stmt" count="4"/>
      <line num="153" type="stmt" count="3"/>
      <line num="154" type="stmt" count="3"/>
      <line num="155" type="stmt" count="3"/>
      <line num="158" type="stmt" count="4"/>
      <line num="159" type="stmt" count="4"/>
      <line num="161" type="stmt" count="4"/>
      <line num="188" type="method" name="select" visibility="protected" complexity="4" crap="4" count="6"/>
      <line num="190" type="stmt" count="6"/>
      <line num="191" type="stmt" count="6"/>
      <line num="192" type="stmt" count="6"/>
      <line num="194" type="stmt" count="6"/>
      <line num="224" type="method" name="selectAll" visibility="protected" complexity="3" crap="3" count="3"/>
      <line num="226" type="stmt" count="3"/>
      <line num="227" type="stmt" count="3"/>
      <line num="228" type="stmt" count="3"/>
      <line num="230" type="stmt" count="3"/>
      <line num="255" type="method" name="delete" visibility="protected" complexity="1" crap="1" count="2"/>
      <line num="257" type="stmt" count="2"/>
      <line num="258" type="stmt" count="2"/>
      <line num="259" type="stmt" count="2"/>
      <line num="284" type="method" name="buildInQuery" visibility="protected" complexity="8" crap="8" count="8"/>
      <line num="286" type="stmt" count="8"/>
      <line num="287" type="stmt" count="1"/>
      <line num="290" type="stmt" count="7"/>
      <line num="292" type="stmt" count="7"/>
      <line num="293" type="stmt" count="7"/>
      <line num="296" type="stmt" count="5"/>
      <line num="298" type="stmt" count="5"/>
      <line num="300" type="stmt" count="5"/>
      <line num="304" type="stmt" count="5"/>
      <line num="306" type="stmt" count="5"/>
      <line num="308" type="stmt" count="5"/>
      <line num="311" type="stmt" count="5"/>
      <line num="313" type="stmt" count="3"/>
      <line num="317" type="stmt" count="7"/>
      <line num="329" type="method" name="buildWhereQuery" visibility="protected" complexity="11" crap="11" count="33"/>
      <line num="333" type="stmt" count="33"/>
      <line num="334" type="stmt" count="3"/>
      <line num="337" type="stmt" count="30"/>
      <line num="338" type="stmt" count="5"/>
      <line num="339" type="stmt" count="5"/>
      <line num="340" type="stmt" count="5"/>
      <line num="341" type="stmt" count="5"/>
      <line num="342" type="stmt" count="5"/>
      <line num="343" type="stmt" count="5"/>
      <line num="345" type="stmt" count="5"/>
      <line num="348" type="stmt" count="27"/>
      <line num="350" type="stmt" count="27"/>
      <line num="351" type="stmt" count="10"/>
      <line num="352" type="stmt" count="10"/>
      <line num="353" type="stmt" count="10"/>
      <line num="354" type="stmt" count="10"/>
      <line num="355" type="stmt" count="10"/>
      <line num="356" type="stmt" count="10"/>
      <line num="357" type="stmt" count="10"/>
      <line num="359" type="stmt" count="10"/>
      <line num="363" type="stmt" count="17"/>
      <line num="364" type="stmt" count="14"/>
      <line num="368" type="stmt" count="3"/>
      <line num="371" type="stmt" count="0"/>
      <metrics loc="373" ncloc="167" classes="1" methods="9" coveredmethods="8" conditionals="0" coveredconditionals="0" statements="75" coveredstatements="74" elements="84" coveredelements="82"/>
    </file>
    <metrics files="1" loc="373" ncloc="167" classes="1" methods="9" coveredmethods="8" conditionals="0" coveredconditionals="0" statements="75" coveredstatements="74" elements="84" coveredelements="82"/>
  </project>
</coverage>
